<?xml version="1.0" encoding="UTF-8"?>
<!-- Generated by org.testng.reporters.JUnitXMLReporter -->
<testsuite ignored="0" hostname="Aaliyah-HP" failures="0" tests="4" name="Default test" time="37.8" errors="0" timestamp="2021-05-28T21:30:58 IST">
  <testcase classname="WebProject.Selenium.LoginDemoTest" name="login" time="20.159"/>
  <testcase classname="WebProject.Selenium.LoginDemoTest" name="login" time="3.075"/>
  <testcase classname="WebProject.Selenium.LoginDemoTest" name="login" time="2.611"/>
  <testcase classname="WebProject.Selenium.LoginDemoTest" name="login" time="2.877"/>
</testsuite> <!-- Default test -->
